Saving..
==> Resuming from checkpoint..
epoch : 0
Wed May 29 15:43:32 2019
Epoch: [0][0/5005]	Time 42.036 (42.036)	Data 4.073 (4.073)	Loss 8.7972 (8.7972)	Prec@1 0.000 (0.000)	Prec@5 0.781 (0.781)
Epoch: [0][200/5005]	Time 333.937 (187.986)	Data 332.230 (165.191)	Loss 2.4342 (2.3652)	Prec@1 43.750 (47.641)	Prec@5 74.219 (72.044)
Epoch: [0][400/5005]	Time 334.275 (236.749)	Data 332.601 (165.905)	Loss 2.3908 (2.2957)	Prec@1 40.625 (48.741)	Prec@5 74.219 (73.159)
Epoch: [0][600/5005]	Time 330.699 (260.237)	Data 329.051 (165.516)	Loss 2.2232 (2.2715)	Prec@1 53.125 (49.112)	Prec@5 73.828 (73.479)
Epoch: [0][800/5005]	Time 328.162 (273.822)	Data 326.538 (165.054)	Loss 2.2450 (2.2575)	Prec@1 47.656 (49.277)	Prec@5 72.656 (73.690)
Epoch: [0][1000/5005]	Time 327.230 (282.723)	Data 325.556 (164.590)	Loss 1.9863 (2.2493)	Prec@1 55.859 (49.404)	Prec@5 77.734 (73.799)
Epoch: [0][1200/5005]	Time 326.908 (289.035)	Data 325.250 (164.260)	Loss 2.3586 (2.2410)	Prec@1 48.438 (49.531)	Prec@5 75.000 (73.929)
Epoch: [0][1400/5005]	Time 326.997 (293.780)	Data 325.323 (164.019)	Loss 2.2335 (2.2375)	Prec@1 50.391 (49.561)	Prec@5 73.828 (73.984)
Epoch: [0][1600/5005]	Time 326.996 (297.471)	Data 325.312 (163.851)	Loss 2.2897 (2.2347)	Prec@1 50.781 (49.620)	Prec@5 70.703 (74.035)
Epoch: [0][1800/5005]	Time 326.290 (300.353)	Data 324.627 (163.689)	Loss 2.2518 (2.2336)	Prec@1 51.562 (49.605)	Prec@5 75.781 (74.061)
Epoch: [0][2000/5005]	Time 326.283 (302.710)	Data 324.643 (163.560)	Loss 2.2047 (2.2314)	Prec@1 48.828 (49.657)	Prec@5 75.781 (74.092)
Epoch: [0][2200/5005]	Time 326.234 (304.671)	Data 324.545 (163.443)	Loss 2.1870 (2.2283)	Prec@1 49.609 (49.683)	Prec@5 75.391 (74.146)
Epoch: [0][2400/5005]	Time 326.520 (306.351)	Data 324.846 (163.350)	Loss 2.1858 (2.2264)	Prec@1 53.906 (49.733)	Prec@5 77.344 (74.182)
Epoch: [0][2600/5005]	Time 326.277 (307.775)	Data 324.619 (163.273)	Loss 2.3250 (2.2238)	Prec@1 49.219 (49.814)	Prec@5 69.922 (74.225)
Epoch: [0][2800/5005]	Time 326.048 (308.993)	Data 324.372 (163.193)	Loss 2.1147 (2.2232)	Prec@1 50.000 (49.819)	Prec@5 76.953 (74.238)
Epoch: [0][3000/5005]	Time 326.860 (310.109)	Data 325.193 (163.167)	Loss 2.2207 (2.2212)	Prec@1 51.172 (49.851)	Prec@5 77.734 (74.281)
Epoch: [0][3200/5005]	Time 325.724 (311.028)	Data 324.095 (163.109)	Loss 2.0361 (2.2199)	Prec@1 50.781 (49.864)	Prec@5 75.000 (74.298)
Epoch: [0][3400/5005]	Time 325.174 (311.814)	Data 323.548 (163.029)	Loss 2.3269 (2.2186)	Prec@1 49.219 (49.886)	Prec@5 74.609 (74.318)
Epoch: [0][3600/5005]	Time 325.602 (312.540)	Data 324.003 (162.975)	Loss 2.1783 (2.2187)	Prec@1 53.906 (49.881)	Prec@5 72.656 (74.331)
Epoch: [0][3800/5005]	Time 325.497 (313.187)	Data 323.874 (162.919)	Loss 2.4538 (2.2184)	Prec@1 43.750 (49.888)	Prec@5 72.266 (74.342)
Epoch: [0][4000/5005]	Time 325.173 (313.758)	Data 323.569 (162.865)	Loss 2.3815 (2.2191)	Prec@1 45.703 (49.884)	Prec@5 71.875 (74.331)
Epoch: [0][4200/5005]	Time 325.794 (314.305)	Data 324.179 (162.823)	Loss 2.2613 (2.2192)	Prec@1 46.094 (49.881)	Prec@5 74.609 (74.327)
Epoch: [0][4400/5005]	Time 326.066 (314.817)	Data 324.453 (162.798)	Loss 2.3449 (2.2180)	Prec@1 46.484 (49.890)	Prec@5 73.047 (74.348)
Epoch: [0][4600/5005]	Time 325.505 (315.262)	Data 323.886 (162.760)	Loss 2.3749 (2.2179)	Prec@1 46.875 (49.885)	Prec@5 71.094 (74.354)
Epoch: [0][4800/5005]	Time 325.724 (315.680)	Data 324.111 (162.729)	Loss 2.4399 (2.2181)	Prec@1 43.359 (49.886)	Prec@5 70.703 (74.353)
Epoch: [0][5000/5005]	Time 324.990 (316.038)	Data 323.432 (162.702)	Loss 2.0452 (2.2169)	Prec@1 49.219 (49.901)	Prec@5 75.000 (74.375)
Epoch: [0][0/5005]	Time 16.661 (304.950)	Data 13.976 (162.544)	Loss 3.6080 (2.2172)	Prec@1 31.641 (49.897)	Prec@5 54.297 (74.371)
Epoch: [0][200/5005]	Time 435.408 (309.610)	Data 433.225 (164.614)	Loss 2.7784 (2.2490)	Prec@1 38.281 (49.368)	Prec@5 64.062 (73.841)
Epoch: [0][400/5005]	Time 447.370 (314.360)	Data 444.991 (166.754)	Loss 2.7390 (2.2735)	Prec@1 38.672 (48.951)	Prec@5 64.062 (73.430)
Epoch: [0][600/5005]	Time 447.831 (318.809)	Data 445.611 (168.754)	Loss 3.0691 (2.2964)	Prec@1 36.328 (48.560)	Prec@5 61.719 (73.051)
Epoch: [0][800/5005]	Time 444.158 (322.853)	Data 441.976 (170.568)	Loss 2.9182 (2.3174)	Prec@1 33.203 (48.202)	Prec@5 60.938 (72.704)
Epoch: [0][1000/5005]	Time 445.432 (326.683)	Data 443.204 (172.262)	Loss 3.0507 (2.3363)	Prec@1 35.938 (47.882)	Prec@5 60.156 (72.390)
Epoch: [0][1200/5005]	Time 445.594 (330.287)	Data 443.460 (173.864)	Loss 3.0868 (2.3534)	Prec@1 33.594 (47.579)	Prec@5 58.984 (72.105)
Epoch: [0][1400/5005]	Time 449.518 (333.793)	Data 447.318 (175.409)	Loss 2.9248 (2.3700)	Prec@1 39.062 (47.286)	Prec@5 60.156 (71.828)
Epoch: [0][1600/5005]	Time 447.901 (337.054)	Data 445.665 (176.864)	Loss 2.7888 (2.3853)	Prec@1 39.062 (47.027)	Prec@5 66.797 (71.583)
Epoch: [0][1800/5005]	Time 447.332 (340.117)	Data 445.190 (178.231)	Loss 2.7048 (2.3989)	Prec@1 36.719 (46.786)	Prec@5 65.625 (71.357)
Epoch: [0][2000/5005]	Time 449.895 (343.084)	Data 447.576 (179.524)	Loss 2.8457 (2.4127)	Prec@1 42.969 (46.559)	Prec@5 65.234 (71.134)
Epoch: [0][2200/5005]	Time 450.008 (345.898)	Data 447.826 (180.756)	Loss 3.0529 (2.4257)	Prec@1 34.766 (46.337)	Prec@5 57.031 (70.916)
Epoch: [0][2400/5005]	Time 451.453 (348.604)	Data 449.207 (181.943)	Loss 2.5879 (2.4379)	Prec@1 42.969 (46.127)	Prec@5 67.969 (70.719)
Epoch: [0][2600/5005]	Time 448.831 (351.110)	Data 446.672 (183.022)	Loss 2.6199 (2.4491)	Prec@1 44.531 (45.929)	Prec@5 69.922 (70.534)
Epoch: [0][2800/5005]	Time 452.598 (353.585)	Data 450.516 (184.094)	Loss 3.0176 (2.4594)	Prec@1 34.375 (45.747)	Prec@5 62.891 (70.363)
Epoch: [0][3000/5005]	Time 448.674 (355.849)	Data 446.461 (185.058)	Loss 3.0090 (2.4692)	Prec@1 35.547 (45.581)	Prec@5 62.500 (70.205)
Epoch: [0][3200/5005]	Time 452.673 (358.101)	Data 450.485 (186.036)	Loss 2.6236 (2.4788)	Prec@1 42.188 (45.413)	Prec@5 66.797 (70.048)
Epoch: [0][3400/5005]	Time 451.320 (360.220)	Data 449.087 (186.957)	Loss 2.8769 (2.4878)	Prec@1 38.281 (45.251)	Prec@5 63.281 (69.901)
Epoch: [0][3600/5005]	Time 448.420 (362.180)	Data 446.109 (187.796)	Loss 2.6027 (2.4958)	Prec@1 43.750 (45.114)	Prec@5 68.359 (69.775)
Epoch: [0][3800/5005]	Time 450.373 (364.097)	Data 448.028 (188.621)	Loss 2.6946 (2.5036)	Prec@1 41.016 (44.979)	Prec@5 66.016 (69.643)
Epoch: [0][4000/5005]	Time 450.011 (365.925)	Data 447.834 (189.416)	Loss 2.8882 (2.5111)	Prec@1 39.844 (44.845)	Prec@5 64.453 (69.519)
Epoch: [0][4200/5005]	Time 449.419 (367.664)	Data 447.218 (190.160)	Loss 2.8190 (2.5184)	Prec@1 40.234 (44.718)	Prec@5 63.672 (69.396)
Epoch: [0][4400/5005]	Time 452.169 (369.389)	Data 449.961 (190.897)	Loss 3.0372 (2.5254)	Prec@1 35.547 (44.595)	Prec@5 62.109 (69.282)
Epoch: [0][4600/5005]	Time 450.809 (371.017)	Data 448.603 (191.576)	Loss 2.8160 (2.5320)	Prec@1 40.234 (44.476)	Prec@5 63.281 (69.177)
Epoch: [0][4800/5005]	Time 450.118 (372.568)	Data 447.875 (192.253)	Loss 2.8739 (2.5383)	Prec@1 40.625 (44.367)	Prec@5 63.672 (69.074)
Epoch: [0][5000/5005]	Time 449.984 (374.057)	Data 447.804 (192.892)	Loss 2.6250 (2.5448)	Prec@1 42.188 (44.256)	Prec@5 67.969 (68.967)
Test: [0/391]	Time 6.527 (6.527)	Loss 1.1447 (1.1447)	Prec@1 73.438 (73.438)	Prec@5 89.062 (89.062)
Test: [50/391]	Time 33.679 (20.103)	Loss 1.2152 (1.8477)	Prec@1 70.312 (56.081)	Prec@5 87.500 (80.040)
Test: [100/391]	Time 33.795 (24.667)	Loss 1.7869 (1.8620)	Prec@1 51.562 (54.571)	Prec@5 83.594 (80.353)
Test: [150/391]	Time 33.651 (26.913)	Loss 1.6090 (1.8137)	Prec@1 50.781 (55.277)	Prec@5 84.375 (81.183)
Test: [200/391]	Time 32.961 (28.123)	Loss 2.6601 (1.9776)	Prec@1 39.062 (52.558)	Prec@5 65.625 (78.731)
Test: [250/391]	Time 33.103 (28.953)	Loss 2.3155 (2.0591)	Prec@1 49.219 (51.572)	Prec@5 70.312 (77.179)
Test: [300/391]	Time 33.027 (29.535)	Loss 2.2615 (2.1342)	Prec@1 57.031 (50.501)	Prec@5 71.875 (75.966)
Test: [350/391]	Time 32.762 (29.938)	Loss 2.3334 (2.1960)	Prec@1 49.219 (49.392)	Prec@5 74.219 (74.878)
Saving.. Acc : 49.7859992980957
epoch : 1
Wed May 29 21:12:19 2019
Epoch: [1][0/5005]	Time 7.195 (7.195)	Data 5.577 (5.577)	Loss 2.4758 (2.4758)	Prec@1 44.141 (44.141)	Prec@5 70.703 (70.703)
Epoch: [1][200/5005]	Time 322.120 (164.658)	Data 320.531 (159.525)	Loss 2.2712 (2.3122)	Prec@1 48.438 (48.189)	Prec@5 75.391 (72.905)
Epoch: [1][400/5005]	Time 321.949 (217.088)	Data 320.371 (159.857)	Loss 2.2495 (2.2682)	Prec@1 49.609 (49.061)	Prec@5 72.266 (73.545)
Epoch: [1][600/5005]	Time 322.095 (243.340)	Data 320.492 (159.931)	Loss 2.5481 (2.2493)	Prec@1 45.703 (49.370)	Prec@5 70.703 (73.850)
Epoch: [1][800/5005]	Time 321.996 (259.071)	Data 320.388 (159.996)	Loss 2.3713 (2.2425)	Prec@1 46.484 (49.444)	Prec@5 68.750 (74.002)
Epoch: [1][1000/5005]	Time 321.866 (269.537)	Data 320.241 (160.016)	Loss 2.1490 (2.2302)	Prec@1 50.781 (49.647)	Prec@5 74.219 (74.153)
Epoch: [1][1200/5005]	Time 321.590 (276.973)	Data 319.964 (160.030)	Loss 2.0724 (2.2268)	Prec@1 48.438 (49.721)	Prec@5 77.344 (74.194)
Epoch: [1][1400/5005]	Time 321.692 (282.563)	Data 320.109 (160.023)	Loss 2.3251 (2.2227)	Prec@1 50.391 (49.791)	Prec@5 74.219 (74.263)
Epoch: [1][1600/5005]	Time 321.389 (286.877)	Data 319.793 (160.021)	Loss 2.6135 (2.2230)	Prec@1 39.844 (49.800)	Prec@5 68.359 (74.254)
Epoch: [1][1800/5005]	Time 321.311 (290.320)	Data 319.728 (159.997)	Loss 2.1805 (2.2222)	Prec@1 51.953 (49.804)	Prec@5 74.219 (74.242)
Epoch: [1][2000/5005]	Time 320.565 (293.070)	Data 318.980 (159.953)	Loss 2.1630 (2.2198)	Prec@1 51.562 (49.826)	Prec@5 73.438 (74.274)
Epoch: [1][2200/5005]	Time 321.810 (295.465)	Data 320.184 (159.951)	Loss 2.4198 (2.2164)	Prec@1 43.750 (49.882)	Prec@5 67.969 (74.334)
Epoch: [1][2400/5005]	Time 321.478 (297.466)	Data 319.896 (159.944)	Loss 2.1853 (2.2153)	Prec@1 48.438 (49.906)	Prec@5 76.172 (74.343)
Epoch: [1][2600/5005]	Time 321.904 (299.211)	Data 320.322 (159.965)	Loss 2.2694 (2.2133)	Prec@1 46.484 (49.939)	Prec@5 71.875 (74.389)
Epoch: [1][2800/5005]	Time 321.701 (300.711)	Data 320.089 (159.964)	Loss 2.4713 (2.2111)	Prec@1 47.266 (49.974)	Prec@5 71.484 (74.408)
Epoch: [1][3000/5005]	Time 322.259 (302.057)	Data 320.655 (159.987)	Loss 2.1803 (2.2107)	Prec@1 50.781 (49.975)	Prec@5 74.219 (74.409)
Epoch: [1][3200/5005]	Time 321.816 (303.220)	Data 320.227 (160.003)	Loss 2.4185 (2.2098)	Prec@1 49.219 (49.995)	Prec@5 68.750 (74.431)
Epoch: [1][3400/5005]	Time 322.064 (304.267)	Data 320.469 (160.011)	Loss 2.0287 (2.2093)	Prec@1 52.344 (50.019)	Prec@5 78.516 (74.442)
Epoch: [1][3600/5005]	Time 321.659 (305.182)	Data 320.029 (160.006)	Loss 2.0434 (2.2101)	Prec@1 55.078 (50.005)	Prec@5 75.781 (74.427)
Epoch: [1][3800/5005]	Time 321.268 (305.986)	Data 319.678 (159.999)	Loss 2.1767 (2.2096)	Prec@1 48.438 (50.021)	Prec@5 73.828 (74.428)
Epoch: [1][4000/5005]	Time 321.108 (306.706)	Data 319.524 (159.981)	Loss 2.0817 (2.2089)	Prec@1 49.219 (50.028)	Prec@5 73.828 (74.442)
Epoch: [1][4200/5005]	Time 320.917 (307.352)	Data 319.313 (159.969)	Loss 2.2804 (2.2095)	Prec@1 45.312 (50.016)	Prec@5 78.906 (74.435)
Epoch: [1][4400/5005]	Time 321.009 (307.946)	Data 319.431 (159.957)	Loss 2.3573 (2.2094)	Prec@1 46.484 (50.023)	Prec@5 73.047 (74.448)
Epoch: [1][4600/5005]	Time 320.702 (308.478)	Data 319.116 (159.946)	Loss 2.1226 (2.2086)	Prec@1 51.562 (50.037)	Prec@5 73.047 (74.469)
Epoch: [1][4800/5005]	Time 320.400 (308.954)	Data 318.802 (159.921)	Loss 2.0452 (2.2084)	Prec@1 52.734 (50.039)	Prec@5 76.172 (74.477)
Epoch: [1][5000/5005]	Time 320.898 (309.414)	Data 319.317 (159.912)	Loss 2.2133 (2.2078)	Prec@1 49.219 (50.059)	Prec@5 73.828 (74.488)
Epoch: [1][0/5005]	Time 14.559 (298.493)	Data 11.291 (159.757)	Loss 3.9836 (2.2081)	Prec@1 22.266 (50.053)	Prec@5 45.703 (74.482)
Epoch: [1][200/5005]	Time 449.201 (303.876)	Data 446.858 (162.206)	Loss 2.9481 (2.2375)	Prec@1 38.281 (49.563)	Prec@5 63.672 (74.000)
Epoch: [1][400/5005]	Time 448.293 (308.856)	Data 446.164 (164.466)	Loss 2.9740 (2.2612)	Prec@1 33.594 (49.150)	Prec@5 62.500 (73.611)
Epoch: [1][600/5005]	Time 448.368 (313.506)	Data 446.025 (166.554)	Loss 2.8012 (2.2829)	Prec@1 40.625 (48.787)	Prec@5 64.453 (73.247)
Epoch: [1][800/5005]	Time 447.174 (317.818)	Data 445.028 (168.485)	Loss 2.7369 (2.3037)	Prec@1 42.578 (48.432)	Prec@5 67.188 (72.902)
Epoch: [1][1000/5005]	Time 447.800 (321.880)	Data 445.351 (170.277)	Loss 2.8354 (2.3221)	Prec@1 38.281 (48.110)	Prec@5 64.062 (72.596)
Epoch: [1][1200/5005]	Time 450.172 (325.767)	Data 447.858 (172.026)	Loss 3.0374 (2.3396)	Prec@1 35.547 (47.800)	Prec@5 60.938 (72.310)
Epoch: [1][1400/5005]	Time 449.787 (329.415)	Data 447.592 (173.624)	Loss 2.9028 (2.3552)	Prec@1 40.625 (47.531)	Prec@5 65.625 (72.058)
Epoch: [1][1600/5005]	Time 448.468 (332.817)	Data 446.063 (175.127)	Loss 2.7968 (2.3699)	Prec@1 38.281 (47.280)	Prec@5 64.844 (71.816)
Epoch: [1][1800/5005]	Time 450.010 (336.072)	Data 447.822 (176.553)	Loss 2.7913 (2.3836)	Prec@1 39.453 (47.044)	Prec@5 67.188 (71.588)
Epoch: [1][2000/5005]	Time 446.552 (339.058)	Data 444.290 (177.833)	Loss 2.9097 (2.3970)	Prec@1 37.891 (46.811)	Prec@5 62.500 (71.368)
Epoch: [1][2200/5005]	Time 447.814 (341.920)	Data 445.527 (179.073)	Loss 2.4490 (2.4091)	Prec@1 46.484 (46.607)	Prec@5 72.266 (71.166)
Epoch: [1][2400/5005]	Time 449.396 (344.676)	Data 447.204 (180.273)	Loss 3.1501 (2.4206)	Prec@1 32.812 (46.410)	Prec@5 60.156 (70.980)
Epoch: [1][2600/5005]	Time 443.860 (347.155)	Data 441.683 (181.354)	Loss 2.8137 (2.4313)	Prec@1 41.016 (46.219)	Prec@5 60.938 (70.804)
Epoch: [1][2800/5005]	Time 448.068 (349.617)	Data 445.825 (182.405)	Loss 2.8749 (2.4413)	Prec@1 35.938 (46.043)	Prec@5 64.062 (70.638)
Epoch: [1][3000/5005]	Time 445.354 (351.896)	Data 443.068 (183.399)	Loss 2.7210 (2.4516)	Prec@1 41.016 (45.858)	Prec@5 65.625 (70.470)
Epoch: [1][3200/5005]	Time 446.362 (354.093)	Data 444.027 (184.341)	Loss 2.8736 (2.4609)	Prec@1 42.188 (45.695)	Prec@5 62.891 (70.316)
Epoch: [1][3400/5005]	Time 446.887 (356.202)	Data 444.639 (185.252)	Loss 2.8896 (2.4697)	Prec@1 40.625 (45.546)	Prec@5 65.234 (70.172)
Epoch: [1][3600/5005]	Time 447.873 (358.239)	Data 445.697 (186.135)	Loss 3.0271 (2.4784)	Prec@1 35.547 (45.394)	Prec@5 60.938 (70.032)
Epoch: [1][3800/5005]	Time 446.752 (360.163)	Data 444.460 (186.963)	Loss 2.7497 (2.4867)	Prec@1 46.484 (45.248)	Prec@5 66.797 (69.894)
Epoch: [1][4000/5005]	Time 447.925 (362.031)	Data 445.634 (187.771)	Loss 2.8231 (2.4947)	Prec@1 36.328 (45.109)	Prec@5 62.500 (69.760)
Epoch: [1][4200/5005]	Time 446.594 (363.792)	Data 444.246 (188.502)	Loss 2.9937 (2.5022)	Prec@1 35.547 (44.975)	Prec@5 64.062 (69.636)
Epoch: [1][4400/5005]	Time 446.355 (365.477)	Data 444.155 (189.232)	Loss 3.1881 (2.5095)	Prec@1 32.812 (44.852)	Prec@5 56.641 (69.519)
Epoch: [1][4600/5005]	Time 448.396 (367.136)	Data 446.140 (189.934)	Loss 3.1070 (2.5165)	Prec@1 38.281 (44.729)	Prec@5 59.375 (69.408)
Epoch: [1][4800/5005]	Time 447.652 (368.714)	Data 445.348 (190.612)	Loss 2.9445 (2.5232)	Prec@1 37.891 (44.613)	Prec@5 60.938 (69.298)
Epoch: [1][5000/5005]	Time 443.932 (370.161)	Data 441.819 (191.229)	Loss 3.1702 (2.5297)	Prec@1 31.641 (44.501)	Prec@5 61.328 (69.194)
Test: [0/391]	Time 5.998 (5.998)	Loss 1.0890 (1.0890)	Prec@1 77.344 (77.344)	Prec@5 89.062 (89.062)
Test: [50/391]	Time 33.933 (19.965)	Loss 1.1032 (1.7498)	Prec@1 64.844 (58.395)	Prec@5 89.062 (81.388)
Test: [100/391]	Time 33.830 (24.587)	Loss 1.7821 (1.7844)	Prec@1 52.344 (55.910)	Prec@5 81.250 (81.544)
Test: [150/391]	Time 33.906 (26.917)	Loss 1.5275 (1.7679)	Prec@1 50.000 (56.234)	Prec@5 88.281 (81.773)
Test: [200/391]	Time 33.278 (28.189)	Loss 2.7460 (1.9301)	Prec@1 35.938 (53.315)	Prec@5 63.281 (79.167)
Test: [250/391]	Time 32.914 (28.976)	Loss 1.8806 (2.0091)	Prec@1 59.375 (52.446)	Prec@5 76.562 (77.795)
Test: [300/391]	Time 33.001 (29.551)	Loss 1.9546 (2.0890)	Prec@1 60.156 (51.178)	Prec@5 76.562 (76.565)
Test: [350/391]	Time 32.611 (29.934)	Loss 2.4558 (2.1486)	Prec@1 50.000 (50.180)	Prec@5 66.406 (75.501)
Saving.. Acc : 50.444000244140625
epoch : 2
Thu May 30 02:37:42 2019
Epoch: [2][0/5005]	Time 7.242 (7.242)	Data 5.594 (5.594)	Loss 2.2875 (2.2875)	Prec@1 49.609 (49.609)	Prec@5 76.172 (76.172)
Epoch: [2][200/5005]	Time 326.305 (166.773)	Data 324.700 (161.546)	Loss 2.2829 (2.3040)	Prec@1 44.531 (48.037)	Prec@5 73.438 (73.080)
Epoch: [2][400/5005]	Time 325.189 (219.579)	Data 323.579 (161.720)	Loss 2.3503 (2.2618)	Prec@1 48.047 (48.965)	Prec@5 70.312 (73.689)
Epoch: [2][600/5005]	Time 325.207 (245.986)	Data 323.581 (161.778)	Loss 2.1397 (2.2418)	Prec@1 48.438 (49.408)	Prec@5 75.781 (73.911)
Epoch: [2][800/5005]	Time 324.849 (261.758)	Data 323.194 (161.716)	Loss 2.3218 (2.2346)	Prec@1 48.047 (49.596)	Prec@5 73.438 (74.095)
Epoch: [2][1000/5005]	Time 325.060 (272.309)	Data 323.488 (161.710)	Loss 2.4283 (2.2249)	Prec@1 50.000 (49.759)	Prec@5 74.219 (74.258)
Epoch: [2][1200/5005]	Time 324.398 (279.750)	Data 322.754 (161.676)	Loss 2.2017 (2.2218)	Prec@1 50.000 (49.822)	Prec@5 73.047 (74.285)
Epoch: [2][1400/5005]	Time 324.590 (285.355)	Data 322.981 (161.645)	Loss 2.2280 (2.2180)	Prec@1 49.609 (49.918)	Prec@5 76.562 (74.344)
Epoch: [2][1600/5005]	Time 324.552 (289.710)	Data 322.951 (161.620)	Loss 2.0559 (2.2169)	Prec@1 53.516 (49.970)	Prec@5 76.953 (74.373)
Epoch: [2][1800/5005]	Time 324.611 (293.200)	Data 322.996 (161.609)	Loss 2.2747 (2.2147)	Prec@1 48.828 (49.999)	Prec@5 71.875 (74.397)
Epoch: [2][2000/5005]	Time 324.533 (296.049)	Data 322.903 (161.592)	Loss 2.3169 (2.2132)	Prec@1 50.391 (50.037)	Prec@5 74.609 (74.422)
Epoch: [2][2200/5005]	Time 324.457 (298.416)	Data 322.848 (161.561)	Loss 2.0910 (2.2104)	Prec@1 50.391 (50.081)	Prec@5 78.906 (74.458)
Epoch: [2][2400/5005]	Time 325.010 (300.462)	Data 323.386 (161.570)	Loss 2.2562 (2.2101)	Prec@1 47.266 (50.097)	Prec@5 73.828 (74.450)
Epoch: [2][2600/5005]	Time 324.719 (302.194)	Data 323.115 (161.571)	Loss 2.2413 (2.2088)	Prec@1 51.172 (50.106)	Prec@5 72.656 (74.466)
Epoch: [2][2800/5005]	Time 325.187 (303.727)	Data 323.561 (161.576)	Loss 2.2839 (2.2086)	Prec@1 48.828 (50.113)	Prec@5 74.219 (74.467)
Epoch: [2][3000/5005]	Time 324.544 (305.028)	Data 322.956 (161.565)	Loss 2.2995 (2.2092)	Prec@1 46.484 (50.114)	Prec@5 75.391 (74.461)
Epoch: [2][3200/5005]	Time 324.077 (306.149)	Data 322.452 (161.535)	Loss 2.0790 (2.2099)	Prec@1 53.125 (50.087)	Prec@5 77.344 (74.456)
Epoch: [2][3400/5005]	Time 324.852 (307.188)	Data 323.245 (161.540)	Loss 2.3185 (2.2103)	Prec@1 47.266 (50.092)	Prec@5 70.703 (74.445)
Epoch: [2][3600/5005]	Time 324.442 (308.096)	Data 322.815 (161.527)	Loss 2.0740 (2.2097)	Prec@1 53.906 (50.094)	Prec@5 77.344 (74.454)
Epoch: [2][3800/5005]	Time 324.929 (308.938)	Data 323.273 (161.532)	Loss 2.0564 (2.2103)	Prec@1 51.953 (50.077)	Prec@5 78.125 (74.436)
Epoch: [2][4000/5005]	Time 325.684 (309.735)	Data 324.060 (161.554)	Loss 2.2950 (2.2103)	Prec@1 47.656 (50.065)	Prec@5 74.219 (74.437)
Epoch: [2][4200/5005]	Time 324.796 (310.420)	Data 323.190 (161.556)	Loss 2.3403 (2.2104)	Prec@1 48.828 (50.049)	Prec@5 72.266 (74.438)
Epoch: [2][4400/5005]	Time 325.147 (311.060)	Data 323.518 (161.558)	Loss 2.1555 (2.2098)	Prec@1 53.125 (50.063)	Prec@5 76.953 (74.455)
Epoch: [2][4600/5005]	Time 325.740 (311.672)	Data 324.130 (161.576)	Loss 2.3819 (2.2097)	Prec@1 50.391 (50.066)	Prec@5 71.484 (74.464)
Epoch: [2][4800/5005]	Time 325.359 (312.219)	Data 323.766 (161.586)	Loss 2.3789 (2.2097)	Prec@1 48.047 (50.056)	Prec@5 69.922 (74.463)
Epoch: [2][5000/5005]	Time 324.947 (312.709)	Data 323.349 (161.598)	Loss 2.1757 (2.2096)	Prec@1 52.344 (50.052)	Prec@5 77.344 (74.463)
Epoch: [2][0/5005]	Time 14.383 (301.660)	Data 11.042 (161.441)	Loss 4.1702 (2.2099)	Prec@1 20.312 (50.048)	Prec@5 39.062 (74.455)
Epoch: [2][200/5005]	Time 439.519 (306.583)	Data 437.385 (163.651)	Loss 2.9517 (2.2400)	Prec@1 35.156 (49.534)	Prec@5 62.891 (73.962)
Epoch: [2][400/5005]	Time 441.695 (311.242)	Data 439.473 (165.727)	Loss 2.7773 (2.2637)	Prec@1 40.625 (49.116)	Prec@5 66.406 (73.570)
Epoch: [2][600/5005]	Time 445.231 (315.708)	Data 442.971 (167.705)	Loss 3.0986 (2.2861)	Prec@1 34.766 (48.730)	Prec@5 57.812 (73.199)
Epoch: [2][800/5005]	Time 442.791 (319.808)	Data 440.671 (169.525)	Loss 3.2254 (2.3066)	Prec@1 32.031 (48.372)	Prec@5 54.297 (72.866)
Epoch: [2][1000/5005]	Time 442.324 (323.636)	Data 440.215 (171.226)	Loss 3.1049 (2.3253)	Prec@1 35.156 (48.055)	Prec@5 61.328 (72.553)
Epoch: [2][1200/5005]	Time 438.560 (327.119)	Data 436.426 (172.779)	Loss 2.9782 (2.3435)	Prec@1 36.328 (47.736)	Prec@5 60.156 (72.254)
Epoch: [2][1400/5005]	Time 440.759 (330.461)	Data 438.479 (174.196)	Loss 2.7509 (2.3604)	Prec@1 39.844 (47.446)	Prec@5 62.891 (71.979)
Epoch: [2][1600/5005]	Time 441.808 (333.643)	Data 439.474 (175.592)	Loss 2.9142 (2.3748)	Prec@1 38.672 (47.197)	Prec@5 62.500 (71.742)
Epoch: [2][1800/5005]	Time 443.356 (336.690)	Data 441.075 (176.913)	Loss 2.5466 (2.3887)	Prec@1 42.578 (46.953)	Prec@5 68.750 (71.506)
Epoch: [2][2000/5005]	Time 439.497 (339.469)	Data 437.230 (178.101)	Loss 2.6748 (2.4020)	Prec@1 38.672 (46.725)	Prec@5 67.578 (71.287)
Epoch: [2][2200/5005]	Time 443.163 (342.198)	Data 440.828 (179.236)	Loss 2.6793 (2.4145)	Prec@1 40.625 (46.508)	Prec@5 63.672 (71.081)
Epoch: [2][2400/5005]	Time 439.121 (344.683)	Data 436.927 (180.293)	Loss 2.9934 (2.4266)	Prec@1 37.109 (46.293)	Prec@5 64.453 (70.873)
Epoch: [2][2600/5005]	Time 442.783 (347.135)	Data 440.654 (181.342)	Loss 2.7688 (2.4379)	Prec@1 37.109 (46.091)	Prec@5 62.500 (70.686)
Epoch: [2][2800/5005]	Time 440.853 (349.421)	Data 438.606 (182.319)	Loss 2.9134 (2.4484)	Prec@1 39.453 (45.915)	Prec@5 62.109 (70.514)
Epoch: [2][3000/5005]	Time 444.266 (351.679)	Data 441.962 (183.278)	Loss 3.0431 (2.4587)	Prec@1 34.766 (45.735)	Prec@5 58.594 (70.340)
Epoch: [2][3200/5005]	Time 446.511 (353.885)	Data 444.327 (184.213)	Loss 2.6738 (2.4682)	Prec@1 41.016 (45.577)	Prec@5 68.750 (70.186)
Epoch: [2][3400/5005]	Time 445.137 (355.959)	Data 442.819 (185.092)	Loss 2.7327 (2.4769)	Prec@1 41.797 (45.423)	Prec@5 64.844 (70.046)
Epoch: [2][3600/5005]	Time 443.999 (357.915)	Data 441.801 (185.931)	Loss 2.6731 (2.4853)	Prec@1 40.234 (45.275)	Prec@5 66.406 (69.905)
Epoch: [2][3800/5005]	Time 442.841 (359.761)	Data 440.690 (186.711)	Loss 3.0479 (2.4932)	Prec@1 36.328 (45.133)	Prec@5 59.766 (69.773)
Epoch: [2][4000/5005]	Time 444.507 (361.564)	Data 442.185 (187.478)	Loss 3.0189 (2.5010)	Prec@1 36.719 (44.993)	Prec@5 62.109 (69.650)
Epoch: [2][4200/5005]	Time 446.835 (363.341)	Data 444.680 (188.233)	Loss 2.8940 (2.5078)	Prec@1 37.891 (44.872)	Prec@5 63.281 (69.535)
Epoch: [2][4400/5005]	Time 445.346 (365.014)	Data 443.124 (188.937)	Loss 2.7542 (2.5145)	Prec@1 46.484 (44.759)	Prec@5 70.703 (69.427)
Epoch: [2][4600/5005]	Time 443.274 (366.580)	Data 441.109 (189.607)	Loss 2.8735 (2.5214)	Prec@1 37.500 (44.640)	Prec@5 64.062 (69.310)
Epoch: [2][4800/5005]	Time 444.816 (368.114)	Data 442.677 (190.260)	Loss 2.7210 (2.5281)	Prec@1 43.359 (44.525)	Prec@5 66.016 (69.200)
Epoch: [2][5000/5005]	Time 443.775 (369.569)	Data 441.631 (190.878)	Loss 2.9875 (2.5341)	Prec@1 35.938 (44.421)	Prec@5 62.109 (69.101)
Test: [0/391]	Time 6.362 (6.362)	Loss 1.3246 (1.3246)	Prec@1 71.875 (71.875)	Prec@5 87.500 (87.500)
Test: [50/391]	Time 33.962 (20.162)	Loss 1.1781 (1.8708)	Prec@1 67.969 (56.036)	Prec@5 88.281 (79.458)
Test: [100/391]	Time 33.450 (24.591)	Loss 1.5279 (1.8557)	Prec@1 59.375 (54.339)	Prec@5 86.719 (80.291)
Test: [150/391]	Time 33.560 (26.834)	Loss 1.5697 (1.8359)	Prec@1 51.562 (54.806)	Prec@5 86.719 (80.712)
Test: [200/391]	Time 33.803 (28.227)	Loss 2.6953 (1.9935)	Prec@1 33.594 (52.188)	Prec@5 63.281 (78.277)
Test: [250/391]	Time 32.816 (28.992)	Loss 2.1467 (2.0637)	Prec@1 53.906 (51.376)	Prec@5 73.438 (77.064)
Test: [300/391]	Time 33.865 (29.688)	Loss 2.3813 (2.1418)	Prec@1 55.469 (50.164)	Prec@5 74.219 (75.810)
Test: [350/391]	Time 34.068 (30.236)	Loss 2.4562 (2.1997)	Prec@1 48.438 (49.179)	Prec@5 68.750 (74.817)
epoch : 3
Thu May 30 08:02:36 2019
Epoch: [3][0/5005]	Time 6.851 (6.851)	Data 5.107 (5.107)	Loss 2.6247 (2.6247)	Prec@1 41.797 (41.797)	Prec@5 68.750 (68.750)
Epoch: [3][200/5005]	Time 325.650 (166.250)	Data 324.006 (161.324)	Loss 2.2817 (2.3087)	Prec@1 49.609 (48.327)	Prec@5 71.484 (72.779)
Epoch: [3][400/5005]	Time 324.616 (219.039)	Data 323.005 (161.485)	Loss 2.4069 (2.2605)	Prec@1 46.094 (49.230)	Prec@5 73.047 (73.582)
Epoch: [3][600/5005]	Time 324.430 (245.387)	Data 322.806 (161.487)	Loss 2.3860 (2.2446)	Prec@1 46.875 (49.464)	Prec@5 70.703 (73.816)
Epoch: [3][800/5005]	Time 324.788 (261.267)	Data 323.163 (161.522)	Loss 2.2533 (2.2357)	Prec@1 47.656 (49.691)	Prec@5 73.438 (73.985)
Epoch: [3][1000/5005]	Time 324.950 (271.881)	Data 323.312 (161.552)	Loss 2.4607 (2.2321)	Prec@1 44.531 (49.733)	Prec@5 69.922 (74.044)
Epoch: [3][1200/5005]	Time 324.948 (279.462)	Data 323.332 (161.575)	Loss 2.3602 (2.2285)	Prec@1 46.875 (49.786)	Prec@5 70.703 (74.103)
Epoch: [3][1400/5005]	Time 324.743 (285.122)	Data 323.101 (161.558)	Loss 2.2846 (2.2226)	Prec@1 45.703 (49.881)	Prec@5 73.438 (74.215)
Epoch: [3][1600/5005]	Time 325.160 (289.571)	Data 323.545 (161.570)	Loss 2.0683 (2.2198)	Prec@1 53.125 (49.921)	Prec@5 78.516 (74.269)
Epoch: [3][1800/5005]	Time 325.443 (293.158)	Data 323.813 (161.616)	Loss 2.0360 (2.2159)	Prec@1 51.172 (49.984)	Prec@5 76.172 (74.337)
Epoch: [3][2000/5005]	Time 324.777 (296.032)	Data 323.141 (161.607)	Loss 2.0545 (2.2146)	Prec@1 52.734 (50.007)	Prec@5 78.906 (74.360)
Epoch: [3][2200/5005]	Time 325.022 (298.448)	Data 323.406 (161.614)	Loss 2.3039 (2.2146)	Prec@1 50.391 (49.972)	Prec@5 72.656 (74.366)
Epoch: [3][2400/5005]	Time 324.123 (300.423)	Data 322.501 (161.582)	Loss 2.1872 (2.2136)	Prec@1 51.953 (50.005)	Prec@5 72.656 (74.389)
Epoch: [3][2600/5005]	Time 325.598 (302.221)	Data 323.990 (161.613)	Loss 2.1393 (2.2117)	Prec@1 53.516 (50.042)	Prec@5 74.609 (74.412)
Epoch: [3][2800/5005]	Time 325.578 (303.779)	Data 323.947 (161.632)	Loss 2.1929 (2.2112)	Prec@1 48.438 (50.039)	Prec@5 75.000 (74.419)
Epoch: [3][3000/5005]	Time 325.474 (305.135)	Data 323.831 (161.655)	Loss 2.4671 (2.2111)	Prec@1 48.047 (50.042)	Prec@5 71.094 (74.418)
Epoch: [3][3200/5005]	Time 325.109 (306.309)	Data 323.472 (161.661)	Loss 2.3907 (2.2117)	Prec@1 44.922 (50.018)	Prec@5 71.484 (74.426)
Epoch: [3][3400/5005]	Time 325.120 (307.354)	Data 323.473 (161.661)	Loss 2.4145 (2.2112)	Prec@1 45.703 (50.020)	Prec@5 71.094 (74.438)
Epoch: [3][3600/5005]	Time 325.206 (308.294)	Data 323.568 (161.678)	Loss 2.1155 (2.2111)	Prec@1 50.000 (50.016)	Prec@5 75.000 (74.441)
Epoch: [3][3800/5005]	Time 324.661 (309.112)	Data 323.039 (161.674)	Loss 2.2536 (2.2110)	Prec@1 48.828 (50.008)	Prec@5 73.438 (74.445)
Epoch: [3][4000/5005]	Time 324.708 (309.855)	Data 323.074 (161.672)	Loss 2.2077 (2.2102)	Prec@1 47.266 (50.030)	Prec@5 73.438 (74.449)
Epoch: [3][4200/5005]	Time 324.040 (310.500)	Data 322.400 (161.653)	Loss 2.1865 (2.2100)	Prec@1 51.562 (50.033)	Prec@5 73.828 (74.450)
Epoch: [3][4400/5005]	Time 324.420 (311.105)	Data 322.802 (161.639)	Loss 1.9508 (2.2088)	Prec@1 56.250 (50.044)	Prec@5 77.734 (74.472)
Epoch: [3][4600/5005]	Time 324.255 (311.653)	Data 322.652 (161.625)	Loss 2.0447 (2.2086)	Prec@1 55.859 (50.043)	Prec@5 78.516 (74.469)
Epoch: [3][4800/5005]	Time 324.730 (312.176)	Data 323.133 (161.622)	Loss 1.9959 (2.2080)	Prec@1 53.906 (50.054)	Prec@5 78.516 (74.484)
Epoch: [3][5000/5005]	Time 324.489 (312.650)	Data 322.888 (161.614)	Loss 2.0590 (2.2077)	Prec@1 53.125 (50.062)	Prec@5 75.391 (74.491)
Epoch: [3][0/5005]	Time 14.403 (301.603)	Data 11.018 (161.457)	Loss 4.1928 (2.2081)	Prec@1 19.141 (50.057)	Prec@5 39.453 (74.485)
Epoch: [3][200/5005]	Time 445.407 (306.739)	Data 443.135 (163.794)	Loss 2.7790 (2.2372)	Prec@1 40.625 (49.559)	Prec@5 66.016 (74.011)
Epoch: [3][400/5005]	Time 441.938 (311.401)	Data 439.764 (165.893)	Loss 2.9819 (2.2612)	Prec@1 35.547 (49.141)	Prec@5 63.672 (73.613)
Epoch: [3][600/5005]	Time 445.978 (315.887)	Data 443.799 (167.876)	Loss 2.8711 (2.2829)	Prec@1 40.234 (48.766)	Prec@5 64.062 (73.260)
Epoch: [3][800/5005]	Time 447.053 (320.118)	Data 444.756 (169.745)	Loss 2.7282 (2.3028)	Prec@1 41.016 (48.419)	Prec@5 65.625 (72.931)
Epoch: [3][1000/5005]	Time 443.760 (323.982)	Data 441.441 (171.441)	Loss 2.7073 (2.3208)	Prec@1 39.062 (48.104)	Prec@5 66.016 (72.632)
Epoch: [3][1200/5005]	Time 444.807 (327.643)	Data 442.466 (173.042)	Loss 3.0529 (2.3377)	Prec@1 35.156 (47.808)	Prec@5 62.109 (72.357)
Epoch: [3][1400/5005]	Time 444.351 (331.076)	Data 441.934 (174.556)	Loss 3.0796 (2.3534)	Prec@1 34.766 (47.539)	Prec@5 59.375 (72.100)
Epoch: [3][1600/5005]	Time 442.639 (334.264)	Data 440.352 (175.945)	Loss 2.6782 (2.3680)	Prec@1 42.578 (47.283)	Prec@5 67.578 (71.863)
Epoch: [3][1800/5005]	Time 444.923 (337.337)	Data 442.712 (177.273)	Loss 2.9771 (2.3819)	Prec@1 42.578 (47.044)	Prec@5 62.500 (71.635)
Epoch: [3][2000/5005]	Time 442.952 (340.192)	Data 440.773 (178.513)	Loss 3.2615 (2.3939)	Prec@1 30.469 (46.827)	Prec@5 59.766 (71.436)
Epoch: [3][2200/5005]	Time 441.335 (342.854)	Data 439.043 (179.649)	Loss 2.7344 (2.4064)	Prec@1 40.234 (46.614)	Prec@5 66.406 (71.227)
Epoch: [3][2400/5005]	Time 442.222 (345.401)	Data 439.925 (180.734)	Loss 2.9622 (2.4176)	Prec@1 38.672 (46.429)	Prec@5 62.109 (71.041)
Epoch: [3][2600/5005]	Time 442.547 (347.830)	Data 440.317 (181.776)	Loss 2.6160 (2.4287)	Prec@1 41.797 (46.233)	Prec@5 64.844 (70.861)
Epoch: [3][2800/5005]	Time 440.327 (350.086)	Data 438.177 (182.716)	Loss 2.8002 (2.4393)	Prec@1 37.891 (46.049)	Prec@5 63.672 (70.688)
Epoch: [3][3000/5005]	Time 443.639 (352.314)	Data 441.353 (183.646)	Loss 2.9594 (2.4489)	Prec@1 35.547 (45.886)	Prec@5 64.844 (70.533)
Epoch: [3][3200/5005]	Time 444.155 (354.449)	Data 441.920 (184.556)	Loss 2.6608 (2.4582)	Prec@1 39.453 (45.727)	Prec@5 66.406 (70.383)
Epoch: [3][3400/5005]	Time 444.587 (356.498)	Data 442.444 (185.428)	Loss 2.7845 (2.4670)	Prec@1 36.719 (45.576)	Prec@5 61.719 (70.238)
Epoch: [3][3600/5005]	Time 444.899 (358.462)	Data 442.710 (186.261)	Loss 2.9813 (2.4751)	Prec@1 35.938 (45.438)	Prec@5 61.328 (70.107)
Epoch: [3][3800/5005]	Time 446.444 (360.375)	Data 444.207 (187.078)	Loss 2.6608 (2.4832)	Prec@1 40.625 (45.303)	Prec@5 67.578 (69.974)
Epoch: [3][4000/5005]	Time 443.825 (362.151)	Data 441.559 (187.832)	Loss 3.1278 (2.4910)	Prec@1 34.375 (45.174)	Prec@5 58.203 (69.844)
Epoch: [3][4200/5005]	Time 445.080 (363.878)	Data 442.832 (188.567)	Loss 2.7752 (2.4980)	Prec@1 44.141 (45.050)	Prec@5 66.016 (69.735)
Epoch: [3][4400/5005]	Time 445.326 (365.541)	Data 443.080 (189.273)	Loss 2.9653 (2.5048)	Prec@1 35.547 (44.936)	Prec@5 64.062 (69.628)
Epoch: [3][4600/5005]	Time 445.247 (367.135)	Data 442.863 (189.944)	Loss 2.6022 (2.5111)	Prec@1 42.578 (44.826)	Prec@5 66.016 (69.526)
Epoch: [3][4800/5005]	Time 444.925 (368.660)	Data 442.574 (190.582)	Loss 2.7882 (2.5173)	Prec@1 41.797 (44.717)	Prec@5 62.891 (69.422)
Epoch: [3][5000/5005]	Time 444.295 (370.114)	Data 442.160 (191.202)	Loss 3.0249 (2.5232)	Prec@1 37.891 (44.617)	Prec@5 65.625 (69.319)
Test: [0/391]	Time 6.151 (6.151)	Loss 1.5532 (1.5532)	Prec@1 66.406 (66.406)	Prec@5 85.156 (85.156)
Test: [50/391]	Time 32.742 (19.447)	Loss 1.0514 (1.8958)	Prec@1 71.875 (55.683)	Prec@5 89.844 (78.968)
Test: [100/391]	Time 33.462 (24.119)	Loss 1.4772 (1.8403)	Prec@1 59.375 (54.765)	Prec@5 89.062 (80.562)
Test: [150/391]	Time 32.904 (26.315)	Loss 1.3942 (1.7909)	Prec@1 58.594 (55.810)	Prec@5 88.281 (81.395)
Test: [200/391]	Time 32.704 (27.593)	Loss 2.5575 (1.9596)	Prec@1 36.719 (52.946)	Prec@5 67.188 (78.879)
Test: [250/391]	Time 33.586 (28.592)	Loss 1.9629 (2.0416)	Prec@1 58.594 (51.899)	Prec@5 78.906 (77.474)
Test: [300/391]	Time 33.156 (29.244)	Loss 2.0794 (2.1305)	Prec@1 59.375 (50.488)	Prec@5 76.562 (76.025)
Test: [350/391]	Time 33.064 (29.721)	Loss 2.4395 (2.1925)	Prec@1 49.219 (49.533)	Prec@5 69.531 (74.967)
epoch : 4
Thu May 30 13:27:54 2019
Epoch: [4][0/5005]	Time 7.591 (7.591)	Data 5.928 (5.928)	Loss 2.3794 (2.3794)	Prec@1 45.312 (45.312)	Prec@5 71.094 (71.094)
Epoch: [4][200/5005]	Time 325.859 (166.725)	Data 324.241 (161.240)	Loss 2.3853 (2.3102)	Prec@1 48.047 (48.319)	Prec@5 71.875 (72.670)
Epoch: [4][400/5005]	Time 325.665 (219.705)	Data 323.986 (161.643)	Loss 2.1522 (2.2667)	Prec@1 47.656 (49.087)	Prec@5 74.609 (73.450)
Epoch: [4][600/5005]	Time 324.943 (246.015)	Data 323.287 (161.656)	Loss 2.4468 (2.2483)	Prec@1 46.094 (49.383)	Prec@5 69.531 (73.782)
Epoch: [4][800/5005]	Time 324.467 (261.705)	Data 322.861 (161.597)	Loss 2.2181 (2.2353)	Prec@1 51.562 (49.665)	Prec@5 73.438 (74.056)
Epoch: [4][1000/5005]	Time 324.491 (272.169)	Data 322.818 (161.585)	Loss 2.2490 (2.2301)	Prec@1 49.219 (49.785)	Prec@5 73.828 (74.136)
Epoch: [4][1200/5005]	Time 324.480 (279.642)	Data 322.855 (161.558)	Loss 2.2003 (2.2263)	Prec@1 45.312 (49.866)	Prec@5 73.438 (74.192)
Epoch: [4][1400/5005]	Time 323.888 (285.173)	Data 322.279 (161.491)	Loss 2.2662 (2.2234)	Prec@1 44.531 (49.921)	Prec@5 74.219 (74.247)
Epoch: [4][1600/5005]	Time 324.364 (289.528)	Data 322.769 (161.470)	Loss 2.3514 (2.2221)	Prec@1 48.828 (49.947)	Prec@5 71.875 (74.267)
Epoch: [4][1800/5005]	Time 324.028 (292.978)	Data 322.402 (161.446)	Loss 2.1463 (2.2204)	Prec@1 52.734 (49.967)	Prec@5 76.172 (74.289)
Epoch: [4][2000/5005]	Time 324.416 (295.836)	Data 322.769 (161.449)	Loss 2.1679 (2.2197)	Prec@1 48.828 (49.975)	Prec@5 76.953 (74.311)
Epoch: [4][2200/5005]	Time 323.743 (298.161)	Data 322.126 (161.427)	Loss 2.1724 (2.2180)	Prec@1 50.781 (50.000)	Prec@5 73.047 (74.339)
Epoch: [4][2400/5005]	Time 324.021 (300.151)	Data 322.369 (161.405)	Loss 2.2953 (2.2180)	Prec@1 49.609 (49.979)	Prec@5 72.656 (74.345)
Epoch: [4][2600/5005]	Time 324.079 (301.860)	Data 322.422 (161.388)	Loss 2.0235 (2.2167)	Prec@1 52.734 (49.979)	Prec@5 76.172 (74.372)
Epoch: [4][2800/5005]	Time 324.575 (303.374)	Data 322.910 (161.395)	Loss 2.1899 (2.2154)	Prec@1 50.000 (49.996)	Prec@5 73.828 (74.387)
Epoch: [4][3000/5005]	Time 324.660 (304.704)	Data 322.997 (161.397)	Loss 2.1734 (2.2134)	Prec@1 49.609 (50.023)	Prec@5 75.781 (74.419)
Epoch: [4][3200/5005]	Time 324.635 (305.877)	Data 323.006 (161.404)	Loss 2.1655 (2.2124)	Prec@1 48.438 (50.045)	Prec@5 75.781 (74.439)
Epoch: [4][3400/5005]	Time 324.430 (306.908)	Data 322.793 (161.405)	Loss 2.0460 (2.2117)	Prec@1 54.297 (50.046)	Prec@5 75.781 (74.453)
Epoch: [4][3600/5005]	Time 323.798 (307.797)	Data 322.173 (161.378)	Loss 2.2719 (2.2098)	Prec@1 47.266 (50.075)	Prec@5 74.219 (74.491)
Epoch: [4][3800/5005]	Time 324.318 (308.623)	Data 322.641 (161.383)	Loss 2.1804 (2.2085)	Prec@1 50.781 (50.104)	Prec@5 75.781 (74.510)
Epoch: [4][4000/5005]	Time 324.231 (309.366)	Data 322.623 (161.380)	Loss 2.1280 (2.2084)	Prec@1 51.562 (50.105)	Prec@5 77.734 (74.512)
Epoch: [4][4200/5005]	Time 324.320 (310.046)	Data 322.698 (161.383)	Loss 2.2524 (2.2081)	Prec@1 50.000 (50.115)	Prec@5 74.219 (74.504)
Epoch: [4][4400/5005]	Time 324.506 (310.674)	Data 322.895 (161.383)	Loss 2.2823 (2.2081)	Prec@1 46.875 (50.107)	Prec@5 73.438 (74.513)
Epoch: [4][4600/5005]	Time 324.840 (311.264)	Data 323.225 (161.394)	Loss 2.2412 (2.2081)	Prec@1 46.484 (50.105)	Prec@5 75.000 (74.516)
Epoch: [4][4800/5005]	Time 325.015 (311.815)	Data 323.386 (161.408)	Loss 2.2163 (2.2072)	Prec@1 46.094 (50.120)	Prec@5 74.219 (74.527)
Epoch: [4][5000/5005]	Time 323.678 (312.271)	Data 322.111 (161.400)	Loss 2.0150 (2.2072)	Prec@1 53.906 (50.130)	Prec@5 76.562 (74.529)
